::ffff:127.0.0.1 - - [09/Aug/2022:02:14:47 +0000] "GET / HTTP/1.1" 200 112
::ffff:127.0.0.1 - - [09/Aug/2022:02:14:49 +0000] "GET / HTTP/1.1" 304 -
::ffff:127.0.0.1 - - [09/Aug/2022:02:14:50 +0000] "GET / HTTP/1.1" 304 -
::ffff:127.0.0.1 - - [09/Aug/2022:02:14:51 +0000] "GET / HTTP/1.1" 304 -
::ffff:127.0.0.1 - - [09/Aug/2022:02:14:52 +0000] "GET / HTTP/1.1" 304 -
::ffff:127.0.0.1 - - [09/Aug/2022:02:14:52 +0000] "GET / HTTP/1.1" 304 -
::ffff:127.0.0.1 - - [09/Aug/2022:02:14:52 +0000] "GET / HTTP/1.1" 304 -
::ffff:127.0.0.1 - - [09/Aug/2022:02:14:52 +0000] "GET / HTTP/1.1" 304 -
::ffff:127.0.0.1 - - [09/Aug/2022:02:14:53 +0000] "GET / HTTP/1.1" 304 -
::ffff:127.0.0.1 - - [09/Aug/2022:02:14:53 +0000] "GET / HTTP/1.1" 304 -
::ffff:127.0.0.1 - - [09/Aug/2022:02:14:53 +0000] "GET / HTTP/1.1" 304 -
::ffff:127.0.0.1 - - [09/Aug/2022:02:14:53 +0000] "GET / HTTP/1.1" 304 -
::ffff:127.0.0.1 - - [09/Aug/2022:02:14:53 +0000] "GET / HTTP/1.1" 304 -
::ffff:127.0.0.1 - - [09/Aug/2022:02:14:54 +0000] "GET / HTTP/1.1" 304 -
::ffff:127.0.0.1 - - [09/Aug/2022:02:15:13 +0000] "GET /login HTTP/1.1" 200 6
::ffff:127.0.0.1 - - [09/Aug/2022:02:15:13 +0000] "GET /favicon.ico HTTP/1.1" 404 5
::1 - - [09/Aug/2022:02:53:17 +0000] "GET / HTTP/1.1" 200 112
::1 - - [09/Aug/2022:02:53:17 +0000] "GET / HTTP/1.1" 304 -
::1 - - [09/Aug/2022:02:53:33 +0000] "OPTIONS /login HTTP/1.1" 204 0
::1 - - [09/Aug/2022:02:53:33 +0000] "POST /login HTTP/1.1" 200 -
::1 - - [09/Aug/2022:02:53:42 +0000] "OPTIONS /login HTTP/1.1" 204 0
::1 - - [09/Aug/2022:02:53:42 +0000] "POST /login HTTP/1.1" 200 -
::1 - - [09/Aug/2022:02:53:43 +0000] "POST /login HTTP/1.1" 200 -
::1 - - [09/Aug/2022:02:53:44 +0000] "POST /login HTTP/1.1" 200 -
::1 - - [09/Aug/2022:02:53:48 +0000] "OPTIONS /login HTTP/1.1" 204 0
::1 - - [09/Aug/2022:02:53:48 +0000] "POST /login HTTP/1.1" 200 -
::1 - - [09/Aug/2022:02:53:48 +0000] "POST /login HTTP/1.1" 200 -
::1 - - [09/Aug/2022:02:53:48 +0000] "POST /login HTTP/1.1" 200 -
::1 - - [09/Aug/2022:02:53:49 +0000] "POST /login HTTP/1.1" 200 -
::1 - - [09/Aug/2022:03:01:56 +0000] "OPTIONS /login HTTP/1.1" 204 0
::1 - - [09/Aug/2022:03:01:56 +0000] "POST /login HTTP/1.1" 200 -
::1 - - [09/Aug/2022:03:02:10 +0000] "POST /login HTTP/1.1" 200 -
::1 - - [09/Aug/2022:03:03:30 +0000] "POST /login HTTP/1.1" 200 60
::1 - - [09/Aug/2022:03:03:44 +0000] "POST /login HTTP/1.1" 200 -
::1 - - [09/Aug/2022:03:04:24 +0000] "POST /login HTTP/1.1" 200 -
::1 - - [09/Aug/2022:03:04:27 +0000] "POST /login HTTP/1.1" 200 -
::1 - - [09/Aug/2022:03:04:51 +0000] "POST /login HTTP/1.1" 200 58
::1 - - [09/Aug/2022:03:05:08 +0000] "OPTIONS /login HTTP/1.1" 204 0
::1 - - [09/Aug/2022:03:05:08 +0000] "POST /login HTTP/1.1" 200 58
::1 - - [09/Aug/2022:03:43:24 +0000] "OPTIONS /login HTTP/1.1" 204 0
::1 - - [09/Aug/2022:03:43:25 +0000] "POST /login HTTP/1.1" 200 58
::1 - - [09/Aug/2022:03:43:46 +0000] "OPTIONS /login HTTP/1.1" 204 0
::1 - - [09/Aug/2022:03:43:46 +0000] "POST /login HTTP/1.1" 200 58
::1 - - [09/Aug/2022:03:43:53 +0000] "OPTIONS /login HTTP/1.1" 204 0
::1 - - [09/Aug/2022:03:43:53 +0000] "POST /login HTTP/1.1" 200 58
::1 - - [09/Aug/2022:03:43:55 +0000] "POST /login HTTP/1.1" 200 58
::1 - - [09/Aug/2022:03:44:07 +0000] "OPTIONS /login HTTP/1.1" 204 0
::1 - - [09/Aug/2022:03:44:07 +0000] "POST /login HTTP/1.1" 200 60
::1 - - [09/Aug/2022:03:44:20 +0000] "OPTIONS /login HTTP/1.1" 204 0
::1 - - [09/Aug/2022:03:44:21 +0000] "POST /login HTTP/1.1" 200 58
::1 - - [09/Aug/2022:03:44:59 +0000] "OPTIONS /login HTTP/1.1" 204 0
::1 - - [09/Aug/2022:03:44:59 +0000] "POST /login HTTP/1.1" 200 -
::1 - - [09/Aug/2022:03:45:16 +0000] "OPTIONS /login HTTP/1.1" 204 0
::1 - - [09/Aug/2022:03:45:16 +0000] "POST /login HTTP/1.1" 200 -
::1 - - [09/Aug/2022:03:56:13 +0000] "POST /login HTTP/1.1" 200 -
::1 - - [09/Aug/2022:04:08:04 +0000] "POST /login HTTP/1.1" 200 -
::1 - - [09/Aug/2022:04:08:49 +0000] "POST /login HTTP/1.1" 200 58
::1 - - [09/Aug/2022:04:08:54 +0000] "POST /login HTTP/1.1" 200 -
::1 - - [09/Aug/2022:04:09:35 +0000] "POST /login HTTP/1.1" 200 57
::1 - - [09/Aug/2022:04:10:43 +0000] "POST /login HTTP/1.1" 200 57
::1 - - [09/Aug/2022:04:10:50 +0000] "POST /login HTTP/1.1" 200 58
::1 - - [09/Aug/2022:04:10:56 +0000] "POST /login HTTP/1.1" 200 57
::1 - - [09/Aug/2022:04:11:05 +0000] "POST /login HTTP/1.1" 200 60
::1 - - [09/Aug/2022:04:17:08 +0000] "OPTIONS /login HTTP/1.1" 204 0
::1 - - [09/Aug/2022:04:17:08 +0000] "POST /login HTTP/1.1" 200 57
::1 - - [09/Aug/2022:04:19:23 +0000] "POST /login HTTP/1.1" 200 64
::1 - - [09/Aug/2022:04:19:36 +0000] "OPTIONS /login HTTP/1.1" 204 0
::1 - - [09/Aug/2022:04:19:36 +0000] "POST /login HTTP/1.1" 200 64
::1 - - [09/Aug/2022:04:23:35 +0000] "POST /login HTTP/1.1" 200 60
::1 - - [09/Aug/2022:04:23:39 +0000] "POST /login HTTP/1.1" 200 58
::1 - - [09/Aug/2022:04:23:44 +0000] "POST /login HTTP/1.1" 200 57
::1 - - [09/Aug/2022:04:24:43 +0000] "OPTIONS /login HTTP/1.1" 204 0
::1 - - [09/Aug/2022:04:24:43 +0000] "POST /login HTTP/1.1" 200 58
::1 - - [09/Aug/2022:04:25:54 +0000] "OPTIONS /login HTTP/1.1" 204 0
::1 - - [09/Aug/2022:04:25:54 +0000] "POST /login HTTP/1.1" 200 58
::1 - - [09/Aug/2022:04:34:38 +0000] "OPTIONS /login HTTP/1.1" 204 0
::1 - - [09/Aug/2022:04:34:38 +0000] "POST /login HTTP/1.1" 200 58
::1 - - [09/Aug/2022:04:34:43 +0000] "POST /login HTTP/1.1" 200 58
::1 - - [09/Aug/2022:04:34:44 +0000] "OPTIONS /login HTTP/1.1" 204 0
::1 - - [09/Aug/2022:04:34:45 +0000] "POST /login HTTP/1.1" 200 58
::1 - - [09/Aug/2022:04:35:44 +0000] "OPTIONS /login HTTP/1.1" 204 0
::1 - - [09/Aug/2022:04:35:44 +0000] "POST /login HTTP/1.1" 200 58
::1 - - [09/Aug/2022:04:36:51 +0000] "OPTIONS /login HTTP/1.1" 204 0
::1 - - [09/Aug/2022:04:36:51 +0000] "POST /login HTTP/1.1" 200 58
::1 - - [09/Aug/2022:04:57:20 +0000] "GET / HTTP/1.1" 304 -
::1 - - [09/Aug/2022:04:57:20 +0000] "GET / HTTP/1.1" 304 -
::1 - - [09/Aug/2022:05:46:59 +0000] "OPTIONS /signup HTTP/1.1" 204 0
::1 - - [09/Aug/2022:05:46:59 +0000] "POST /signup HTTP/1.1" 200 55
::1 - - [09/Aug/2022:05:47:21 +0000] "OPTIONS /signup HTTP/1.1" 204 0
::1 - - [09/Aug/2022:05:47:22 +0000] "POST /signup HTTP/1.1" 200 40
::1 - - [09/Aug/2022:05:47:26 +0000] "POST /signup HTTP/1.1" 200 40
::1 - - [09/Aug/2022:05:48:19 +0000] "OPTIONS /signup HTTP/1.1" 204 0
::1 - - [09/Aug/2022:05:48:19 +0000] "POST /signup HTTP/1.1" 200 40
::1 - - [09/Aug/2022:06:07:50 +0000] "OPTIONS /signup HTTP/1.1" 204 0
::1 - - [09/Aug/2022:06:07:51 +0000] "POST /signup HTTP/1.1" 200 55
::1 - - [09/Aug/2022:06:08:32 +0000] "OPTIONS /signup HTTP/1.1" 204 0
::1 - - [09/Aug/2022:06:08:32 +0000] "POST /signup HTTP/1.1" 200 73
::1 - - [09/Aug/2022:06:10:04 +0000] "OPTIONS /signup HTTP/1.1" 204 0
::1 - - [09/Aug/2022:06:10:04 +0000] "POST /signup HTTP/1.1" 200 73
::1 - - [09/Aug/2022:06:17:39 +0000] "OPTIONS /signup HTTP/1.1" 204 0
::1 - - [09/Aug/2022:06:17:39 +0000] "POST /signup HTTP/1.1" 200 73
::1 - - [09/Aug/2022:06:17:48 +0000] "OPTIONS /signup HTTP/1.1" 204 0
::1 - - [09/Aug/2022:06:17:48 +0000] "POST /signup HTTP/1.1" 200 73
::1 - - [09/Aug/2022:06:17:58 +0000] "OPTIONS /signup HTTP/1.1" 204 0
::1 - - [09/Aug/2022:06:21:44 +0000] "OPTIONS /signup HTTP/1.1" 204 0
::1 - - [09/Aug/2022:06:21:44 +0000] "POST /signup HTTP/1.1" 200 73
::1 - - [09/Aug/2022:06:21:48 +0000] "POST /signup HTTP/1.1" 200 71
::1 - - [09/Aug/2022:06:22:00 +0000] "OPTIONS /signup HTTP/1.1" 204 0
::1 - - [09/Aug/2022:06:22:00 +0000] "POST /signup HTTP/1.1" 200 71
::1 - - [09/Aug/2022:06:22:15 +0000] "OPTIONS /signup HTTP/1.1" 204 0
::1 - - [09/Aug/2022:06:22:16 +0000] "POST /signup HTTP/1.1" 200 73
::1 - - [09/Aug/2022:06:22:21 +0000] "OPTIONS /signup HTTP/1.1" 204 0
::1 - - [09/Aug/2022:06:22:21 +0000] "POST /signup HTTP/1.1" 200 73
::1 - - [09/Aug/2022:06:22:27 +0000] "OPTIONS /signup HTTP/1.1" 204 0
::1 - - [09/Aug/2022:06:22:28 +0000] "POST /signup HTTP/1.1" 200 71
::1 - - [09/Aug/2022:06:22:38 +0000] "OPTIONS /signup HTTP/1.1" 204 0
::1 - - [09/Aug/2022:06:22:38 +0000] "POST /signup HTTP/1.1" 200 71
::1 - - [09/Aug/2022:06:28:36 +0000] "OPTIONS /signup HTTP/1.1" 204 0
::1 - - [09/Aug/2022:06:28:37 +0000] "POST /signup HTTP/1.1" 200 73
::1 - - [09/Aug/2022:06:30:16 +0000] "OPTIONS /signup HTTP/1.1" 204 0
::1 - - [09/Aug/2022:06:30:16 +0000] "POST /signup HTTP/1.1" 200 73
::1 - - [09/Aug/2022:06:30:27 +0000] "OPTIONS /signup HTTP/1.1" 204 0
::1 - - [09/Aug/2022:06:30:28 +0000] "POST /signup HTTP/1.1" 200 40
::1 - - [09/Aug/2022:06:31:02 +0000] "OPTIONS /signup HTTP/1.1" 204 0
::1 - - [09/Aug/2022:06:31:02 +0000] "POST /signup HTTP/1.1" 200 40
::1 - - [09/Aug/2022:06:32:01 +0000] "OPTIONS /signup HTTP/1.1" 204 0
::1 - - [09/Aug/2022:06:32:01 +0000] "POST /signup HTTP/1.1" 200 40
::1 - - [09/Aug/2022:06:33:18 +0000] "OPTIONS /signup HTTP/1.1" 204 0
::1 - - [09/Aug/2022:06:35:50 +0000] "OPTIONS /signup HTTP/1.1" 204 0
::1 - - [09/Aug/2022:06:35:51 +0000] "POST /signup HTTP/1.1" 200 54
::1 - - [09/Aug/2022:06:36:28 +0000] "OPTIONS /signup HTTP/1.1" 204 0
::1 - - [09/Aug/2022:06:36:29 +0000] "POST /signup HTTP/1.1" 200 41
::1 - - [09/Aug/2022:06:36:56 +0000] "OPTIONS /signup HTTP/1.1" 204 0
::1 - - [09/Aug/2022:06:36:56 +0000] "POST /signup HTTP/1.1" 200 41
::1 - - [09/Aug/2022:06:37:15 +0000] "OPTIONS /signup HTTP/1.1" 204 0
::1 - - [09/Aug/2022:06:37:15 +0000] "POST /signup HTTP/1.1" 200 41
::1 - - [09/Aug/2022:06:37:57 +0000] "OPTIONS /signup HTTP/1.1" 204 0
::1 - - [09/Aug/2022:06:37:57 +0000] "POST /signup HTTP/1.1" 200 41
::1 - - [09/Aug/2022:06:38:37 +0000] "OPTIONS /signup HTTP/1.1" 204 0
::1 - - [09/Aug/2022:06:39:58 +0000] "OPTIONS /signup HTTP/1.1" 204 0
::1 - - [09/Aug/2022:06:40:31 +0000] "OPTIONS /signup HTTP/1.1" 204 0
::1 - - [09/Aug/2022:06:40:31 +0000] "POST /signup HTTP/1.1" 200 41
::1 - - [09/Aug/2022:06:40:39 +0000] "OPTIONS /signup HTTP/1.1" 204 0
::1 - - [09/Aug/2022:06:40:39 +0000] "POST /signup HTTP/1.1" 200 41
::1 - - [09/Aug/2022:06:40:59 +0000] "OPTIONS /signup HTTP/1.1" 204 0
::1 - - [09/Aug/2022:06:40:59 +0000] "POST /signup HTTP/1.1" 200 41
::1 - - [09/Aug/2022:06:41:30 +0000] "OPTIONS /signup HTTP/1.1" 204 0
::1 - - [09/Aug/2022:06:41:30 +0000] "POST /signup HTTP/1.1" 200 41
::ffff:127.0.0.1 - - [09/Aug/2022:06:41:49 +0000] "OPTIONS /signup HTTP/1.1" 204 0
::ffff:127.0.0.1 - - [09/Aug/2022:06:41:50 +0000] "POST /signup HTTP/1.1" 200 41
::1 - - [09/Aug/2022:06:42:04 +0000] "OPTIONS /signup HTTP/1.1" 204 0
::1 - - [09/Aug/2022:06:42:05 +0000] "POST /signup HTTP/1.1" 200 41
::1 - - [09/Aug/2022:07:08:11 +0000] "OPTIONS /signup HTTP/1.1" 204 0
::1 - - [09/Aug/2022:07:08:54 +0000] "OPTIONS /signup HTTP/1.1" 204 0
::1 - - [09/Aug/2022:07:08:54 +0000] "POST /signup HTTP/1.1" 200 41
::1 - - [09/Aug/2022:07:10:00 +0000] "OPTIONS /signup HTTP/1.1" 204 0
::1 - - [09/Aug/2022:07:10:01 +0000] "POST /signup HTTP/1.1" 200 41
::1 - - [09/Aug/2022:07:10:36 +0000] "OPTIONS /signup HTTP/1.1" 204 0
::1 - - [09/Aug/2022:07:10:37 +0000] "POST /signup HTTP/1.1" 200 41
::1 - - [09/Aug/2022:07:10:48 +0000] "OPTIONS /signup HTTP/1.1" 204 0
::1 - - [09/Aug/2022:07:10:48 +0000] "POST /signup HTTP/1.1" 200 41
::1 - - [09/Aug/2022:07:11:32 +0000] "OPTIONS /signup HTTP/1.1" 204 0
::1 - - [09/Aug/2022:07:11:32 +0000] "POST /signup HTTP/1.1" 200 41
::1 - - [09/Aug/2022:07:12:14 +0000] "OPTIONS /signup HTTP/1.1" 204 0
::1 - - [09/Aug/2022:07:12:14 +0000] "POST /signup HTTP/1.1" 200 41
::1 - - [09/Aug/2022:07:12:49 +0000] "OPTIONS /signup HTTP/1.1" 204 0
::1 - - [09/Aug/2022:07:12:50 +0000] "POST /signup HTTP/1.1" 200 41
::1 - - [09/Aug/2022:07:37:36 +0000] "OPTIONS /signup HTTP/1.1" 204 0
::1 - - [09/Aug/2022:07:38:40 +0000] "OPTIONS /signup HTTP/1.1" 204 0
::1 - - [09/Aug/2022:07:40:08 +0000] "POST /signup HTTP/1.1" 200 54
::1 - - [09/Aug/2022:07:41:03 +0000] "POST /signup HTTP/1.1" 200 73
::1 - - [09/Aug/2022:07:41:09 +0000] "POST /signup HTTP/1.1" 200 73
::1 - - [09/Aug/2022:07:41:13 +0000] "POST /signup HTTP/1.1" 200 71
::1 - - [09/Aug/2022:07:41:33 +0000] "OPTIONS /signup HTTP/1.1" 204 0
::1 - - [09/Aug/2022:07:41:34 +0000] "POST /signup HTTP/1.1" 200 73
::1 - - [09/Aug/2022:07:41:39 +0000] "OPTIONS /signup HTTP/1.1" 204 0
::1 - - [09/Aug/2022:07:41:39 +0000] "POST /signup HTTP/1.1" 200 71
::1 - - [09/Aug/2022:07:41:55 +0000] "OPTIONS /signup HTTP/1.1" 204 0
::1 - - [09/Aug/2022:07:41:55 +0000] "POST /signup HTTP/1.1" 200 54
::ffff:127.0.0.1 - - [09/Aug/2022:07:45:14 +0000] "OPTIONS /login HTTP/1.1" 204 0
::ffff:127.0.0.1 - - [09/Aug/2022:07:45:14 +0000] "POST /login HTTP/1.1" 200 57
::1 - - [09/Aug/2022:07:46:01 +0000] "OPTIONS /login HTTP/1.1" 204 0
::1 - - [09/Aug/2022:07:46:01 +0000] "POST /login HTTP/1.1" 200 58
::1 - - [09/Aug/2022:07:47:41 +0000] "OPTIONS /login HTTP/1.1" 204 0
::1 - - [09/Aug/2022:07:47:42 +0000] "POST /login HTTP/1.1" 200 58
::1 - - [09/Aug/2022:07:47:47 +0000] "POST /login HTTP/1.1" 200 58
::1 - - [09/Aug/2022:07:47:53 +0000] "OPTIONS /login HTTP/1.1" 204 0
::1 - - [09/Aug/2022:07:47:53 +0000] "POST /login HTTP/1.1" 200 58
::1 - - [09/Aug/2022:07:47:58 +0000] "POST /login HTTP/1.1" 200 57
::1 - - [09/Aug/2022:07:48:02 +0000] "OPTIONS /login HTTP/1.1" 204 0
::1 - - [09/Aug/2022:07:48:02 +0000] "POST /login HTTP/1.1" 200 57
::1 - - [09/Aug/2022:07:48:06 +0000] "POST /login HTTP/1.1" 200 57
::1 - - [09/Aug/2022:07:48:47 +0000] "OPTIONS /login HTTP/1.1" 204 0
::1 - - [09/Aug/2022:07:48:47 +0000] "POST /login HTTP/1.1" 200 57
::1 - - [09/Aug/2022:07:48:49 +0000] "POST /login HTTP/1.1" 200 57
::1 - - [09/Aug/2022:07:48:52 +0000] "POST /login HTTP/1.1" 200 57
::1 - - [09/Aug/2022:07:48:52 +0000] "POST /login HTTP/1.1" 200 57
::1 - - [09/Aug/2022:07:48:52 +0000] "OPTIONS /login HTTP/1.1" 204 0
::1 - - [09/Aug/2022:07:48:52 +0000] "POST /login HTTP/1.1" 200 57
::1 - - [09/Aug/2022:07:48:53 +0000] "POST /login HTTP/1.1" 200 57
::1 - - [09/Aug/2022:07:48:53 +0000] "POST /login HTTP/1.1" 200 57
::1 - - [09/Aug/2022:07:48:53 +0000] "POST /login HTTP/1.1" 200 57
::1 - - [09/Aug/2022:07:48:53 +0000] "POST /login HTTP/1.1" 200 57
::1 - - [09/Aug/2022:07:48:53 +0000] "POST /login HTTP/1.1" 200 57
::1 - - [09/Aug/2022:07:48:53 +0000] "POST /login HTTP/1.1" 200 57
::1 - - [09/Aug/2022:07:48:54 +0000] "POST /login HTTP/1.1" 200 57
::1 - - [09/Aug/2022:07:48:54 +0000] "POST /login HTTP/1.1" 200 57
::1 - - [09/Aug/2022:07:48:54 +0000] "POST /login HTTP/1.1" 200 57
::1 - - [09/Aug/2022:07:57:17 +0000] "OPTIONS /login HTTP/1.1" 204 0
::1 - - [09/Aug/2022:07:57:17 +0000] "POST /login HTTP/1.1" 200 57
::1 - - [09/Aug/2022:07:57:48 +0000] "OPTIONS /login HTTP/1.1" 204 0
::1 - - [09/Aug/2022:07:57:48 +0000] "POST /login HTTP/1.1" 200 57
::1 - - [09/Aug/2022:08:08:20 +0000] "OPTIONS /login HTTP/1.1" 204 0
::1 - - [09/Aug/2022:08:08:21 +0000] "POST /login HTTP/1.1" 200 57
::1 - - [09/Aug/2022:08:54:06 +0000] "OPTIONS /login HTTP/1.1" 204 0
::1 - - [09/Aug/2022:08:54:06 +0000] "POST /login HTTP/1.1" 200 58
::1 - - [09/Aug/2022:08:54:12 +0000] "OPTIONS /login HTTP/1.1" 204 0
::1 - - [09/Aug/2022:08:54:12 +0000] "POST /login HTTP/1.1" 200 58
::1 - - [09/Aug/2022:08:57:02 +0000] "OPTIONS /login HTTP/1.1" 204 0
::1 - - [09/Aug/2022:08:57:02 +0000] "POST /login HTTP/1.1" 200 58
::1 - - [09/Aug/2022:08:57:04 +0000] "POST /login HTTP/1.1" 200 58
::1 - - [09/Aug/2022:08:57:06 +0000] "POST /login HTTP/1.1" 200 58
::1 - - [09/Aug/2022:08:57:08 +0000] "OPTIONS /login HTTP/1.1" 204 0
::1 - - [09/Aug/2022:08:57:08 +0000] "POST /login HTTP/1.1" 200 58
::1 - - [09/Aug/2022:08:57:10 +0000] "POST /login HTTP/1.1" 200 58
::1 - - [09/Aug/2022:08:57:11 +0000] "POST /login HTTP/1.1" 200 58
::1 - - [09/Aug/2022:08:57:12 +0000] "POST /login HTTP/1.1" 200 58
::1 - - [09/Aug/2022:08:57:13 +0000] "OPTIONS /login HTTP/1.1" 204 0
::1 - - [09/Aug/2022:08:57:13 +0000] "POST /login HTTP/1.1" 200 58
::1 - - [09/Aug/2022:08:57:14 +0000] "POST /login HTTP/1.1" 200 58
::1 - - [09/Aug/2022:08:57:14 +0000] "POST /login HTTP/1.1" 200 58
::1 - - [09/Aug/2022:08:57:14 +0000] "POST /login HTTP/1.1" 200 58
::1 - - [09/Aug/2022:08:57:15 +0000] "POST /login HTTP/1.1" 200 58
::1 - - [09/Aug/2022:08:57:15 +0000] "POST /login HTTP/1.1" 200 58
::1 - - [09/Aug/2022:08:57:15 +0000] "POST /login HTTP/1.1" 200 58
::1 - - [09/Aug/2022:08:57:15 +0000] "POST /login HTTP/1.1" 200 58
::1 - - [09/Aug/2022:08:57:15 +0000] "POST /login HTTP/1.1" 200 58
::1 - - [09/Aug/2022:08:57:15 +0000] "POST /login HTTP/1.1" 200 58
::1 - - [09/Aug/2022:08:57:16 +0000] "POST /login HTTP/1.1" 200 58
::1 - - [09/Aug/2022:08:57:35 +0000] "OPTIONS /login HTTP/1.1" 204 0
::1 - - [09/Aug/2022:08:57:35 +0000] "POST /login HTTP/1.1" 200 58
::1 - - [09/Aug/2022:08:57:36 +0000] "POST /login HTTP/1.1" 200 58
::1 - - [09/Aug/2022:08:57:38 +0000] "POST /login HTTP/1.1" 200 58
::1 - - [09/Aug/2022:08:58:58 +0000] "OPTIONS /login HTTP/1.1" 204 0
::1 - - [09/Aug/2022:08:58:58 +0000] "POST /login HTTP/1.1" 200 58
::1 - - [09/Aug/2022:09:01:35 +0000] "POST /login HTTP/1.1" 200 57
::1 - - [09/Aug/2022:09:01:43 +0000] "POST /login HTTP/1.1" 200 58
::1 - - [09/Aug/2022:09:01:45 +0000] "POST /login HTTP/1.1" 200 58
::1 - - [09/Aug/2022:09:01:46 +0000] "POST /login HTTP/1.1" 200 58
::1 - - [09/Aug/2022:09:01:48 +0000] "POST /login HTTP/1.1" 200 58
::1 - - [09/Aug/2022:09:01:49 +0000] "POST /login HTTP/1.1" 200 58
::1 - - [09/Aug/2022:09:01:51 +0000] "POST /login HTTP/1.1" 200 58
::1 - - [09/Aug/2022:09:01:52 +0000] "POST /login HTTP/1.1" 200 58
::1 - - [09/Aug/2022:09:02:18 +0000] "POST /login HTTP/1.1" 500 5
::1 - - [09/Aug/2022:09:02:20 +0000] "POST /login HTTP/1.1" 500 5
::1 - - [09/Aug/2022:09:02:41 +0000] "OPTIONS /login HTTP/1.1" 204 0
::1 - - [09/Aug/2022:09:02:41 +0000] "POST /login HTTP/1.1" 500 5
::1 - - [09/Aug/2022:09:03:03 +0000] "POST /login HTTP/1.1" 500 5
::1 - - [09/Aug/2022:09:03:14 +0000] "POST /login HTTP/1.1" 200 58
::1 - - [09/Aug/2022:09:03:17 +0000] "OPTIONS /login HTTP/1.1" 204 0
::1 - - [09/Aug/2022:09:03:18 +0000] "POST /login HTTP/1.1" 200 58
::1 - - [09/Aug/2022:09:04:07 +0000] "OPTIONS /login HTTP/1.1" 204 0
::1 - - [09/Aug/2022:09:04:07 +0000] "POST /login HTTP/1.1" 200 58
::1 - - [09/Aug/2022:09:04:39 +0000] "POST /login HTTP/1.1" 500 5
::1 - - [09/Aug/2022:09:05:06 +0000] "POST /login HTTP/1.1" 500 5
::1 - - [09/Aug/2022:09:05:34 +0000] "POST /login HTTP/1.1" 200 58
::1 - - [09/Aug/2022:09:06:05 +0000] "POST /login HTTP/1.1" 200 58
::1 - - [09/Aug/2022:09:06:09 +0000] "POST /login HTTP/1.1" 200 58
::1 - - [09/Aug/2022:09:06:11 +0000] "POST /login HTTP/1.1" 200 58
::1 - - [09/Aug/2022:09:06:13 +0000] "POST /login HTTP/1.1" 200 58
::1 - - [09/Aug/2022:09:06:15 +0000] "POST /login HTTP/1.1" 200 58
::1 - - [09/Aug/2022:09:06:17 +0000] "POST /login HTTP/1.1" 200 58
::1 - - [09/Aug/2022:09:06:19 +0000] "POST /login HTTP/1.1" 200 58
::1 - - [09/Aug/2022:09:06:21 +0000] "POST /login HTTP/1.1" 200 58
::1 - - [09/Aug/2022:09:06:34 +0000] "POST /login HTTP/1.1" 200 58
::1 - - [09/Aug/2022:09:06:35 +0000] "POST /login HTTP/1.1" 200 58
::1 - - [09/Aug/2022:09:06:36 +0000] "POST /login HTTP/1.1" 200 58
::1 - - [09/Aug/2022:09:06:37 +0000] "POST /login HTTP/1.1" 200 58
::1 - - [09/Aug/2022:09:06:38 +0000] "POST /login HTTP/1.1" 200 58
::1 - - [09/Aug/2022:09:08:20 +0000] "POST /login HTTP/1.1" 200 58
::1 - - [09/Aug/2022:09:08:35 +0000] "POST /login HTTP/1.1" 500 5
::1 - - [09/Aug/2022:09:08:51 +0000] "POST /login HTTP/1.1" 500 5
::1 - - [09/Aug/2022:09:08:52 +0000] "POST /login HTTP/1.1" 500 5
::1 - - [09/Aug/2022:09:08:53 +0000] "POST /login HTTP/1.1" 500 5
::1 - - [09/Aug/2022:09:09:10 +0000] "POST /login HTTP/1.1" 500 5
::1 - - [09/Aug/2022:09:09:11 +0000] "POST /login HTTP/1.1" 500 5
::1 - - [09/Aug/2022:09:09:36 +0000] "POST /login HTTP/1.1" 200 40
::1 - - [09/Aug/2022:09:09:39 +0000] "POST /login HTTP/1.1" 200 40
::1 - - [09/Aug/2022:09:09:41 +0000] "POST /login HTTP/1.1" 200 40
::1 - - [09/Aug/2022:09:09:52 +0000] "POST /login HTTP/1.1" 200 40
::1 - - [09/Aug/2022:09:09:53 +0000] "POST /login HTTP/1.1" 200 40
::1 - - [09/Aug/2022:09:10:18 +0000] "POST /login HTTP/1.1" 200 40
::1 - - [09/Aug/2022:09:10:28 +0000] "POST /login HTTP/1.1" 200 58
::1 - - [09/Aug/2022:09:28:50 +0000] "POST /signup HTTP/1.1" 200 73
::1 - - [09/Aug/2022:09:29:11 +0000] "POST /signup HTTP/1.1" 200 71
::1 - - [09/Aug/2022:09:29:36 +0000] "POST /signup HTTP/1.1" 200 71
::1 - - [09/Aug/2022:09:29:38 +0000] "POST /signup HTTP/1.1" 200 71
::1 - - [09/Aug/2022:09:29:40 +0000] "POST /signup HTTP/1.1" 200 71
::1 - - [09/Aug/2022:09:29:41 +0000] "POST /signup HTTP/1.1" 200 71
::1 - - [09/Aug/2022:09:29:42 +0000] "POST /signup HTTP/1.1" 200 71
::1 - - [09/Aug/2022:09:30:00 +0000] "POST /signup HTTP/1.1" 200 54
::1 - - [09/Aug/2022:09:31:18 +0000] "POST /login HTTP/1.1" 200 60
::1 - - [09/Aug/2022:09:31:30 +0000] "POST /signup HTTP/1.1" 200 71
::1 - - [09/Aug/2022:09:31:36 +0000] "POST /signup HTTP/1.1" 200 71
::ffff:127.0.0.1 - - [09/Aug/2022:15:33:05 +0000] "OPTIONS /login HTTP/1.1" 204 0
::ffff:127.0.0.1 - - [09/Aug/2022:15:33:06 +0000] "POST /login HTTP/1.1" 200 57
::ffff:127.0.0.1 - - [09/Aug/2022:15:35:30 +0000] "OPTIONS /login HTTP/1.1" 204 0
::ffff:127.0.0.1 - - [09/Aug/2022:15:35:35 +0000] "POST /login HTTP/1.1" 200 57
::ffff:127.0.0.1 - - [09/Aug/2022:15:35:35 +0000] "POST /login HTTP/1.1" 200 57
::1 - - [09/Aug/2022:15:41:09 +0000] "OPTIONS /login HTTP/1.1" 204 0
::1 - - [09/Aug/2022:15:41:09 +0000] "POST /login HTTP/1.1" 200 58
::1 - - [09/Aug/2022:15:41:13 +0000] "POST /login HTTP/1.1" 200 58
::1 - - [09/Aug/2022:15:41:15 +0000] "OPTIONS /login HTTP/1.1" 204 0
::1 - - [09/Aug/2022:15:41:15 +0000] "POST /login HTTP/1.1" 200 58
::1 - - [12/Aug/2022:06:45:03 +0000] "GET /register HTTP/1.1" 404 5
::1 - - [12/Aug/2022:06:45:09 +0000] "GET /register HTTP/1.1" 404 5
::1 - - [12/Aug/2022:06:48:57 +0000] "GET /register HTTP/1.1" 404 98
